<?xml version="1.0" encoding="UTF-8"?>
<!-- Generated by org.testng.reporters.JUnitXMLReporter -->
<testsuite ignored="43" hostname="DESKTOP-8BJQT84" failures="8" tests="33" name="Test(failed)" time="355.028" errors="0" timestamp="2023-11-04T19:04:23 IST">
  <testcase classname="com.empire.qa.testcases.LocationTypesPageTest" name="@BeforeMethod setup" time="23.092">
    <failure type="org.openqa.selenium.ElementNotInteractableException" message="element not interactable
  (Session info: chrome=118.0.5993.120)
Build info: version: &amp;apos;4.11.0&amp;apos;, revision: &amp;apos;040bc5406b&amp;apos;
System info: os.name: &amp;apos;Windows 11&amp;apos;, os.arch: &amp;apos;amd64&amp;apos;, os.version: &amp;apos;10.0&amp;apos;, java.version: &amp;apos;20.0.1&amp;apos;
Driver info: org.openqa.selenium.chrome.ChromeDriver
Command: [649fce2923d004e5c8dec22ed8e8a583, clickElement {id=34869C695FEFD99F7AD027F5752934B0_element_23}]
Capabilities {acceptInsecureCerts: false, browserName: chrome, browserVersion: 118.0.5993.120, chrome: {chromedriverVersion: 118.0.5993.70 (e52f33f30b91..., userDataDir: C:\Users\Admin\AppData\Loca...}, fedcm:accounts: true, goog:chromeOptions: {debuggerAddress: localhost:55686}, networkConnectionEnabled: false, pageLoadStrategy: normal, platformName: windows, proxy: Proxy(), se:cdp: ws://localhost:55686/devtoo..., se:cdpVersion: 118.0.5993.120, setWindowRect: true, strictFileInteractability: false, timeouts: {implicit: 0, pageLoad: 300000, script: 30000}, unhandledPromptBehavior: dismiss and notify, webauthn:extension:credBlob: true, webauthn:extension:largeBlob: true, webauthn:extension:minPinLength: true, webauthn:extension:prf: true, webauthn:virtualAuthenticators: true}
Element: [[ChromeDriver: chrome on windows (649fce2923d004e5c8dec22ed8e8a583)] -&amp;gt; xpath: //a[text()=&amp;apos;Location &amp;apos;]]
Session ID: 649fce2923d004e5c8dec22ed8e8a583">
      <![CDATA[org.openqa.selenium.ElementNotInteractableException: element not interactable
  (Session info: chrome=118.0.5993.120)
Build info: version: '4.11.0', revision: '040bc5406b'
System info: os.name: 'Windows 11', os.arch: 'amd64', os.version: '10.0', java.version: '20.0.1'
Driver info: org.openqa.selenium.chrome.ChromeDriver
Command: [649fce2923d004e5c8dec22ed8e8a583, clickElement {id=34869C695FEFD99F7AD027F5752934B0_element_23}]
Capabilities {acceptInsecureCerts: false, browserName: chrome, browserVersion: 118.0.5993.120, chrome: {chromedriverVersion: 118.0.5993.70 (e52f33f30b91..., userDataDir: C:\Users\Admin\AppData\Loca...}, fedcm:accounts: true, goog:chromeOptions: {debuggerAddress: localhost:55686}, networkConnectionEnabled: false, pageLoadStrategy: normal, platformName: windows, proxy: Proxy(), se:cdp: ws://localhost:55686/devtoo..., se:cdpVersion: 118.0.5993.120, setWindowRect: true, strictFileInteractability: false, timeouts: {implicit: 0, pageLoad: 300000, script: 30000}, unhandledPromptBehavior: dismiss and notify, webauthn:extension:credBlob: true, webauthn:extension:largeBlob: true, webauthn:extension:minPinLength: true, webauthn:extension:prf: true, webauthn:virtualAuthenticators: true}
Element: [[ChromeDriver: chrome on windows (649fce2923d004e5c8dec22ed8e8a583)] -> xpath: //a[text()='Location ']]
Session ID: 649fce2923d004e5c8dec22ed8e8a583
at org.openqa.selenium.remote.codec.w3c.W3CHttpResponseCodec.createException(W3CHttpResponseCodec.java:200)
at org.openqa.selenium.remote.codec.w3c.W3CHttpResponseCodec.decode(W3CHttpResponseCodec.java:133)
at org.openqa.selenium.remote.codec.w3c.W3CHttpResponseCodec.decode(W3CHttpResponseCodec.java:52)
at org.openqa.selenium.remote.HttpCommandExecutor.execute(HttpCommandExecutor.java:191)
at org.openqa.selenium.remote.service.DriverCommandExecutor.invokeExecute(DriverCommandExecutor.java:196)
at org.openqa.selenium.remote.service.DriverCommandExecutor.execute(DriverCommandExecutor.java:171)
at org.openqa.selenium.remote.RemoteWebDriver.execute(RemoteWebDriver.java:518)
at org.openqa.selenium.remote.RemoteWebElement.execute(RemoteWebElement.java:224)
at org.openqa.selenium.remote.RemoteWebElement.click(RemoteWebElement.java:77)
at org.openqa.selenium.support.events.EventFiringWebDriver$EventFiringWebElement.lambda$new$0(EventFiringWebDriver.java:375)
at jdk.proxy2/jdk.proxy2.$Proxy22.click(Unknown Source)
at org.openqa.selenium.support.events.EventFiringWebDriver$EventFiringWebElement.click(EventFiringWebDriver.java:387)
at org.openqa.selenium.support.pagefactory.internal.LocatingElementHandler.invoke(LocatingElementHandler.java:51)
at jdk.proxy2/jdk.proxy2.$Proxy21.click(Unknown Source)
at com.empire.qa.pages.HomePage.verifyLocationTypesPage(HomePage.java:110)
at com.empire.qa.testcases.LocationTypesPageTest.setup(LocationTypesPageTest.java:32)
at java.base/java.util.ArrayList.forEach(ArrayList.java:1511)
... Removed 36 stack frames]]>
    </failure>
  </testcase> <!-- @BeforeMethod setup -->
  <testcase classname="com.empire.qa.testcases.LocationTypesPageTest" name="@AfterMethod teardown" time="0.0">
    <skipped/>
  </testcase> <!-- @AfterMethod teardown -->
  <testcase classname="com.empire.qa.testcases.LocationTypesPageTest" name="@BeforeMethod setup" time="0.0">
    <skipped/>
  </testcase> <!-- @BeforeMethod setup -->
  <testcase classname="com.empire.qa.testcases.LocationTypesPageTest" name="@AfterMethod teardown" time="0.0">
    <skipped/>
  </testcase> <!-- @AfterMethod teardown -->
  <testcase classname="com.empire.qa.testcases.LocationTypesPageTest" name="@BeforeMethod setup" time="0.0">
    <skipped/>
  </testcase> <!-- @BeforeMethod setup -->
  <testcase classname="com.empire.qa.testcases.LocationTypesPageTest" name="@AfterMethod teardown" time="0.0">
    <skipped/>
  </testcase> <!-- @AfterMethod teardown -->
  <testcase classname="com.empire.qa.testcases.LocationTypesPageTest" name="@BeforeMethod setup" time="0.0">
    <skipped/>
  </testcase> <!-- @BeforeMethod setup -->
  <testcase classname="com.empire.qa.testcases.LocationTypesPageTest" name="@AfterMethod teardown" time="0.0">
    <skipped/>
  </testcase> <!-- @AfterMethod teardown -->
  <testcase classname="com.empire.qa.testcases.LocationTypesPageTest" name="@BeforeMethod setup" time="0.0">
    <skipped/>
  </testcase> <!-- @BeforeMethod setup -->
  <testcase classname="com.empire.qa.testcases.LocationTypesPageTest" name="@AfterMethod teardown" time="0.0">
    <skipped/>
  </testcase> <!-- @AfterMethod teardown -->
  <testcase classname="com.empire.qa.testcases.LocationTypesPageTest" name="@BeforeMethod setup" time="0.0">
    <skipped/>
  </testcase> <!-- @BeforeMethod setup -->
  <testcase classname="com.empire.qa.testcases.LocationTypesPageTest" name="@AfterMethod teardown" time="0.0">
    <skipped/>
  </testcase> <!-- @AfterMethod teardown -->
  <testcase classname="com.empire.qa.testcases.LocationTypesPageTest" name="@BeforeMethod setup" time="0.0">
    <skipped/>
  </testcase> <!-- @BeforeMethod setup -->
  <testcase classname="com.empire.qa.testcases.LocationTypesPageTest" name="@AfterMethod teardown" time="0.0">
    <skipped/>
  </testcase> <!-- @AfterMethod teardown -->
  <testcase classname="com.empire.qa.testcases.LocationTypesPageTest" name="@BeforeMethod setup" time="0.0">
    <skipped/>
  </testcase> <!-- @BeforeMethod setup -->
  <testcase classname="com.empire.qa.testcases.LocationTypesPageTest" name="@AfterMethod teardown" time="0.0">
    <skipped/>
  </testcase> <!-- @AfterMethod teardown -->
  <testcase classname="com.empire.qa.testcases.LocationTypesPageTest" name="@BeforeMethod setup" time="0.0">
    <skipped/>
  </testcase> <!-- @BeforeMethod setup -->
  <testcase classname="com.empire.qa.testcases.LocationTypesPageTest" name="@AfterMethod teardown" time="0.0">
    <skipped/>
  </testcase> <!-- @AfterMethod teardown -->
  <testcase classname="com.empire.qa.testcases.LocationTypesPageTest" name="@BeforeMethod setup" time="0.0">
    <skipped/>
  </testcase> <!-- @BeforeMethod setup -->
  <testcase classname="com.empire.qa.testcases.LocationTypesPageTest" name="@AfterMethod teardown" time="0.0">
    <skipped/>
  </testcase> <!-- @AfterMethod teardown -->
  <testcase classname="com.empire.qa.testcases.LocationTypesPageTest" name="VerifySearchTextFieldTest" time="15.592"/>
  <testcase classname="com.empire.qa.testcases.LocationTypesPageTest" name="VerifySearchTextFieldWithInvalidDataTest" time="0.14"/>
  <testcase classname="com.empire.qa.testcases.LocationTypesPageTest" name="VerifyShowEntriesDropdownTest" time="0.0">
    <skipped/>
  </testcase> <!-- VerifyShowEntriesDropdownTest -->
  <testcase classname="com.empire.qa.testcases.LocationTypesPageTest" name="VerifySnoSortingTest" time="0.0">
    <skipped/>
  </testcase> <!-- VerifySnoSortingTest -->
  <testcase classname="com.empire.qa.testcases.LocationTypesPageTest" name="VerifyToTopArrowBtnTest" time="0.0">
    <skipped/>
  </testcase> <!-- VerifyToTopArrowBtnTest -->
  <testcase classname="com.empire.qa.testcases.LocationTypesPageTest" name="VerifyaddNewLocationwithInvalidLocationNameTest" time="0.0">
    <skipped/>
  </testcase> <!-- VerifyaddNewLocationwithInvalidLocationNameTest -->
  <testcase classname="com.empire.qa.testcases.LocationTypesPageTest" name="VerifyaddNewLocationwithoutDataTest" time="0.0">
    <skipped/>
  </testcase> <!-- VerifyaddNewLocationwithoutDataTest -->
  <testcase classname="com.empire.qa.testcases.LocationTypesPageTest" name="VerifylocationtypespageTitleTest" time="0.0">
    <skipped/>
  </testcase> <!-- VerifylocationtypespageTitleTest -->
  <testcase classname="com.empire.qa.testcases.LocationTypesPageTest" name="VerifyaddNewLocationwithValidDataTest" time="0.0">
    <skipped/>
  </testcase> <!-- VerifyaddNewLocationwithValidDataTest -->
  <testcase classname="com.empire.qa.testcases.LocationTypesPageTest" name="VerifyEditButtonBySearchLocationNameTest" time="0.0">
    <skipped/>
  </testcase> <!-- VerifyEditButtonBySearchLocationNameTest -->
  <testcase classname="com.empire.qa.testcases.LocationTypesPageTest" name="VerifyDeleteButtonBySearchLocationNameTest" time="0.0">
    <skipped/>
  </testcase> <!-- VerifyDeleteButtonBySearchLocationNameTest -->
  <testcase classname="com.empire.qa.testcases.LocationTypesPageTest" name="VerifyDeleteButtonByClickingYesTest" time="0.0">
    <skipped/>
  </testcase> <!-- VerifyDeleteButtonByClickingYesTest -->
  <testcase classname="com.empire.qa.testcases.SubCategoriesPageTest" name="VerifySearchTextFieldTest" time="1.507">
    <failure type="org.openqa.selenium.StaleElementReferenceException" message="stale element reference: stale element not found
  (Session info: chrome=118.0.5993.120)
For documentation on this error, please visit: https://www.selenium.dev/documentation/webdriver/troubleshooting/errors#stale-element-reference-exception
Build info: version: &amp;apos;4.11.0&amp;apos;, revision: &amp;apos;040bc5406b&amp;apos;
System info: os.name: &amp;apos;Windows 11&amp;apos;, os.arch: &amp;apos;amd64&amp;apos;, os.version: &amp;apos;10.0&amp;apos;, java.version: &amp;apos;20.0.1&amp;apos;
Driver info: org.openqa.selenium.chrome.ChromeDriver
Command: [22a7e41a7041e2d677e09173b9db02e2, getElementText {id=46655B661CCAC53430C6F5D48A500932_element_53}]
Capabilities {acceptInsecureCerts: false, browserName: chrome, browserVersion: 118.0.5993.120, chrome: {chromedriverVersion: 118.0.5993.70 (e52f33f30b91..., userDataDir: C:\Users\Admin\AppData\Loca...}, fedcm:accounts: true, goog:chromeOptions: {debuggerAddress: localhost:55739}, networkConnectionEnabled: false, pageLoadStrategy: normal, platformName: windows, proxy: Proxy(), se:cdp: ws://localhost:55739/devtoo..., se:cdpVersion: 118.0.5993.120, setWindowRect: true, strictFileInteractability: false, timeouts: {implicit: 0, pageLoad: 300000, script: 30000}, unhandledPromptBehavior: dismiss and notify, webauthn:extension:credBlob: true, webauthn:extension:largeBlob: true, webauthn:extension:minPinLength: true, webauthn:extension:prf: true, webauthn:virtualAuthenticators: true}
Element: [[ChromeDriver: chrome on windows (22a7e41a7041e2d677e09173b9db02e2)] -&amp;gt; xpath: //ul[@id=&amp;apos;select2-subcatDD-results&amp;apos;]//li]
Session ID: 22a7e41a7041e2d677e09173b9db02e2">
      <![CDATA[org.openqa.selenium.StaleElementReferenceException: stale element reference: stale element not found
  (Session info: chrome=118.0.5993.120)
For documentation on this error, please visit: https://www.selenium.dev/documentation/webdriver/troubleshooting/errors#stale-element-reference-exception
Build info: version: '4.11.0', revision: '040bc5406b'
System info: os.name: 'Windows 11', os.arch: 'amd64', os.version: '10.0', java.version: '20.0.1'
Driver info: org.openqa.selenium.chrome.ChromeDriver
Command: [22a7e41a7041e2d677e09173b9db02e2, getElementText {id=46655B661CCAC53430C6F5D48A500932_element_53}]
Capabilities {acceptInsecureCerts: false, browserName: chrome, browserVersion: 118.0.5993.120, chrome: {chromedriverVersion: 118.0.5993.70 (e52f33f30b91..., userDataDir: C:\Users\Admin\AppData\Loca...}, fedcm:accounts: true, goog:chromeOptions: {debuggerAddress: localhost:55739}, networkConnectionEnabled: false, pageLoadStrategy: normal, platformName: windows, proxy: Proxy(), se:cdp: ws://localhost:55739/devtoo..., se:cdpVersion: 118.0.5993.120, setWindowRect: true, strictFileInteractability: false, timeouts: {implicit: 0, pageLoad: 300000, script: 30000}, unhandledPromptBehavior: dismiss and notify, webauthn:extension:credBlob: true, webauthn:extension:largeBlob: true, webauthn:extension:minPinLength: true, webauthn:extension:prf: true, webauthn:virtualAuthenticators: true}
Element: [[ChromeDriver: chrome on windows (22a7e41a7041e2d677e09173b9db02e2)] -> xpath: //ul[@id='select2-subcatDD-results']//li]
Session ID: 22a7e41a7041e2d677e09173b9db02e2
at org.openqa.selenium.remote.codec.w3c.W3CHttpResponseCodec.createException(W3CHttpResponseCodec.java:200)
at org.openqa.selenium.remote.codec.w3c.W3CHttpResponseCodec.decode(W3CHttpResponseCodec.java:133)
at org.openqa.selenium.remote.codec.w3c.W3CHttpResponseCodec.decode(W3CHttpResponseCodec.java:52)
at org.openqa.selenium.remote.HttpCommandExecutor.execute(HttpCommandExecutor.java:191)
at org.openqa.selenium.remote.service.DriverCommandExecutor.invokeExecute(DriverCommandExecutor.java:196)
at org.openqa.selenium.remote.service.DriverCommandExecutor.execute(DriverCommandExecutor.java:171)
at org.openqa.selenium.remote.RemoteWebDriver.execute(RemoteWebDriver.java:518)
at org.openqa.selenium.remote.RemoteWebElement.execute(RemoteWebElement.java:224)
at org.openqa.selenium.remote.RemoteWebElement.getText(RemoteWebElement.java:192)
at org.openqa.selenium.support.events.EventFiringWebDriver$EventFiringWebElement.lambda$new$0(EventFiringWebDriver.java:375)
at jdk.proxy2/jdk.proxy2.$Proxy22.getText(Unknown Source)
at org.openqa.selenium.support.events.EventFiringWebDriver$EventFiringWebElement.getText(EventFiringWebDriver.java:453)
at com.empire.qa.pages.SubCategoriesPage.VerifySearchTextField(SubCategoriesPage.java:234)
at com.empire.qa.testcases.SubCategoriesPageTest.VerifySearchTextFieldTest(SubCategoriesPageTest.java:114)
at java.base/java.util.ArrayList.forEach(ArrayList.java:1511)
... Removed 30 stack frames]]>
    </failure>
  </testcase> <!-- VerifySearchTextFieldTest -->
  <testcase classname="com.empire.qa.testcases.SubCategoriesPageTest" name="VerifySearchTextFieldWithInvalidDataTest" time="1.429">
    <failure type="org.openqa.selenium.StaleElementReferenceException" message="stale element reference: stale element not found
  (Session info: chrome=118.0.5993.120)
For documentation on this error, please visit: https://www.selenium.dev/documentation/webdriver/troubleshooting/errors#stale-element-reference-exception
Build info: version: &amp;apos;4.11.0&amp;apos;, revision: &amp;apos;040bc5406b&amp;apos;
System info: os.name: &amp;apos;Windows 11&amp;apos;, os.arch: &amp;apos;amd64&amp;apos;, os.version: &amp;apos;10.0&amp;apos;, java.version: &amp;apos;20.0.1&amp;apos;
Driver info: org.openqa.selenium.chrome.ChromeDriver
Command: [ab2cf028e05fbc4bb713c918d2ed3f85, getElementText {id=4BF5390340A07D63AD3583A7CB25D32B_element_53}]
Capabilities {acceptInsecureCerts: false, browserName: chrome, browserVersion: 118.0.5993.120, chrome: {chromedriverVersion: 118.0.5993.70 (e52f33f30b91..., userDataDir: C:\Users\Admin\AppData\Loca...}, fedcm:accounts: true, goog:chromeOptions: {debuggerAddress: localhost:55790}, networkConnectionEnabled: false, pageLoadStrategy: normal, platformName: windows, proxy: Proxy(), se:cdp: ws://localhost:55790/devtoo..., se:cdpVersion: 118.0.5993.120, setWindowRect: true, strictFileInteractability: false, timeouts: {implicit: 0, pageLoad: 300000, script: 30000}, unhandledPromptBehavior: dismiss and notify, webauthn:extension:credBlob: true, webauthn:extension:largeBlob: true, webauthn:extension:minPinLength: true, webauthn:extension:prf: true, webauthn:virtualAuthenticators: true}
Element: [[ChromeDriver: chrome on windows (ab2cf028e05fbc4bb713c918d2ed3f85)] -&amp;gt; xpath: //ul[@id=&amp;apos;select2-subcatDD-results&amp;apos;]//li]
Session ID: ab2cf028e05fbc4bb713c918d2ed3f85">
      <![CDATA[org.openqa.selenium.StaleElementReferenceException: stale element reference: stale element not found
  (Session info: chrome=118.0.5993.120)
For documentation on this error, please visit: https://www.selenium.dev/documentation/webdriver/troubleshooting/errors#stale-element-reference-exception
Build info: version: '4.11.0', revision: '040bc5406b'
System info: os.name: 'Windows 11', os.arch: 'amd64', os.version: '10.0', java.version: '20.0.1'
Driver info: org.openqa.selenium.chrome.ChromeDriver
Command: [ab2cf028e05fbc4bb713c918d2ed3f85, getElementText {id=4BF5390340A07D63AD3583A7CB25D32B_element_53}]
Capabilities {acceptInsecureCerts: false, browserName: chrome, browserVersion: 118.0.5993.120, chrome: {chromedriverVersion: 118.0.5993.70 (e52f33f30b91..., userDataDir: C:\Users\Admin\AppData\Loca...}, fedcm:accounts: true, goog:chromeOptions: {debuggerAddress: localhost:55790}, networkConnectionEnabled: false, pageLoadStrategy: normal, platformName: windows, proxy: Proxy(), se:cdp: ws://localhost:55790/devtoo..., se:cdpVersion: 118.0.5993.120, setWindowRect: true, strictFileInteractability: false, timeouts: {implicit: 0, pageLoad: 300000, script: 30000}, unhandledPromptBehavior: dismiss and notify, webauthn:extension:credBlob: true, webauthn:extension:largeBlob: true, webauthn:extension:minPinLength: true, webauthn:extension:prf: true, webauthn:virtualAuthenticators: true}
Element: [[ChromeDriver: chrome on windows (ab2cf028e05fbc4bb713c918d2ed3f85)] -> xpath: //ul[@id='select2-subcatDD-results']//li]
Session ID: ab2cf028e05fbc4bb713c918d2ed3f85
at org.openqa.selenium.remote.codec.w3c.W3CHttpResponseCodec.createException(W3CHttpResponseCodec.java:200)
at org.openqa.selenium.remote.codec.w3c.W3CHttpResponseCodec.decode(W3CHttpResponseCodec.java:133)
at org.openqa.selenium.remote.codec.w3c.W3CHttpResponseCodec.decode(W3CHttpResponseCodec.java:52)
at org.openqa.selenium.remote.HttpCommandExecutor.execute(HttpCommandExecutor.java:191)
at org.openqa.selenium.remote.service.DriverCommandExecutor.invokeExecute(DriverCommandExecutor.java:196)
at org.openqa.selenium.remote.service.DriverCommandExecutor.execute(DriverCommandExecutor.java:171)
at org.openqa.selenium.remote.RemoteWebDriver.execute(RemoteWebDriver.java:518)
at org.openqa.selenium.remote.RemoteWebElement.execute(RemoteWebElement.java:224)
at org.openqa.selenium.remote.RemoteWebElement.getText(RemoteWebElement.java:192)
at org.openqa.selenium.support.events.EventFiringWebDriver$EventFiringWebElement.lambda$new$0(EventFiringWebDriver.java:375)
at jdk.proxy2/jdk.proxy2.$Proxy22.getText(Unknown Source)
at org.openqa.selenium.support.events.EventFiringWebDriver$EventFiringWebElement.getText(EventFiringWebDriver.java:453)
at com.empire.qa.pages.SubCategoriesPage.VerifySearchTextFieldWithInvalidData(SubCategoriesPage.java:268)
at com.empire.qa.testcases.SubCategoriesPageTest.VerifySearchTextFieldWithInvalidDataTest(SubCategoriesPageTest.java:119)
at java.base/java.util.ArrayList.forEach(ArrayList.java:1511)
... Removed 30 stack frames]]>
    </failure>
  </testcase> <!-- VerifySearchTextFieldWithInvalidDataTest -->
  <testcase classname="com.empire.qa.testcases.SubCategoriesPageTest" name="VerifyEditButtonBySearchSubCategoryNameTest" time="1.446">
    <failure type="org.openqa.selenium.StaleElementReferenceException" message="stale element reference: stale element not found
  (Session info: chrome=118.0.5993.120)
For documentation on this error, please visit: https://www.selenium.dev/documentation/webdriver/troubleshooting/errors#stale-element-reference-exception
Build info: version: &amp;apos;4.11.0&amp;apos;, revision: &amp;apos;040bc5406b&amp;apos;
System info: os.name: &amp;apos;Windows 11&amp;apos;, os.arch: &amp;apos;amd64&amp;apos;, os.version: &amp;apos;10.0&amp;apos;, java.version: &amp;apos;20.0.1&amp;apos;
Driver info: org.openqa.selenium.chrome.ChromeDriver
Command: [2c1ddc99f61487257631dbc5e9e63b96, getElementText {id=9FB0ECD49271C65C96844C340B930985_element_53}]
Capabilities {acceptInsecureCerts: false, browserName: chrome, browserVersion: 118.0.5993.120, chrome: {chromedriverVersion: 118.0.5993.70 (e52f33f30b91..., userDataDir: C:\Users\Admin\AppData\Loca...}, fedcm:accounts: true, goog:chromeOptions: {debuggerAddress: localhost:55838}, networkConnectionEnabled: false, pageLoadStrategy: normal, platformName: windows, proxy: Proxy(), se:cdp: ws://localhost:55838/devtoo..., se:cdpVersion: 118.0.5993.120, setWindowRect: true, strictFileInteractability: false, timeouts: {implicit: 0, pageLoad: 300000, script: 30000}, unhandledPromptBehavior: dismiss and notify, webauthn:extension:credBlob: true, webauthn:extension:largeBlob: true, webauthn:extension:minPinLength: true, webauthn:extension:prf: true, webauthn:virtualAuthenticators: true}
Element: [[ChromeDriver: chrome on windows (2c1ddc99f61487257631dbc5e9e63b96)] -&amp;gt; xpath: //ul[@id=&amp;apos;select2-subcatDD-results&amp;apos;]//li]
Session ID: 2c1ddc99f61487257631dbc5e9e63b96">
      <![CDATA[org.openqa.selenium.StaleElementReferenceException: stale element reference: stale element not found
  (Session info: chrome=118.0.5993.120)
For documentation on this error, please visit: https://www.selenium.dev/documentation/webdriver/troubleshooting/errors#stale-element-reference-exception
Build info: version: '4.11.0', revision: '040bc5406b'
System info: os.name: 'Windows 11', os.arch: 'amd64', os.version: '10.0', java.version: '20.0.1'
Driver info: org.openqa.selenium.chrome.ChromeDriver
Command: [2c1ddc99f61487257631dbc5e9e63b96, getElementText {id=9FB0ECD49271C65C96844C340B930985_element_53}]
Capabilities {acceptInsecureCerts: false, browserName: chrome, browserVersion: 118.0.5993.120, chrome: {chromedriverVersion: 118.0.5993.70 (e52f33f30b91..., userDataDir: C:\Users\Admin\AppData\Loca...}, fedcm:accounts: true, goog:chromeOptions: {debuggerAddress: localhost:55838}, networkConnectionEnabled: false, pageLoadStrategy: normal, platformName: windows, proxy: Proxy(), se:cdp: ws://localhost:55838/devtoo..., se:cdpVersion: 118.0.5993.120, setWindowRect: true, strictFileInteractability: false, timeouts: {implicit: 0, pageLoad: 300000, script: 30000}, unhandledPromptBehavior: dismiss and notify, webauthn:extension:credBlob: true, webauthn:extension:largeBlob: true, webauthn:extension:minPinLength: true, webauthn:extension:prf: true, webauthn:virtualAuthenticators: true}
Element: [[ChromeDriver: chrome on windows (2c1ddc99f61487257631dbc5e9e63b96)] -> xpath: //ul[@id='select2-subcatDD-results']//li]
Session ID: 2c1ddc99f61487257631dbc5e9e63b96
at org.openqa.selenium.remote.codec.w3c.W3CHttpResponseCodec.createException(W3CHttpResponseCodec.java:200)
at org.openqa.selenium.remote.codec.w3c.W3CHttpResponseCodec.decode(W3CHttpResponseCodec.java:133)
at org.openqa.selenium.remote.codec.w3c.W3CHttpResponseCodec.decode(W3CHttpResponseCodec.java:52)
at org.openqa.selenium.remote.HttpCommandExecutor.execute(HttpCommandExecutor.java:191)
at org.openqa.selenium.remote.service.DriverCommandExecutor.invokeExecute(DriverCommandExecutor.java:196)
at org.openqa.selenium.remote.service.DriverCommandExecutor.execute(DriverCommandExecutor.java:171)
at org.openqa.selenium.remote.RemoteWebDriver.execute(RemoteWebDriver.java:518)
at org.openqa.selenium.remote.RemoteWebElement.execute(RemoteWebElement.java:224)
at org.openqa.selenium.remote.RemoteWebElement.getText(RemoteWebElement.java:192)
at org.openqa.selenium.support.events.EventFiringWebDriver$EventFiringWebElement.lambda$new$0(EventFiringWebDriver.java:375)
at jdk.proxy2/jdk.proxy2.$Proxy22.getText(Unknown Source)
at org.openqa.selenium.support.events.EventFiringWebDriver$EventFiringWebElement.getText(EventFiringWebDriver.java:453)
at com.empire.qa.pages.SubCategoriesPage.VerifyEditButtonBySearchSubCategoryName(SubCategoriesPage.java:163)
at com.empire.qa.testcases.SubCategoriesPageTest.VerifyEditButtonBySearchSubCategoryNameTest(SubCategoriesPageTest.java:99)
at java.base/java.util.ArrayList.forEach(ArrayList.java:1511)
... Removed 30 stack frames]]>
    </failure>
  </testcase> <!-- VerifyEditButtonBySearchSubCategoryNameTest -->
  <testcase classname="com.empire.qa.testcases.SubCategoriesPageTest" name="VerifyDeleteButtonBySearchSubCategoryNameTest" time="1.419">
    <failure type="org.openqa.selenium.StaleElementReferenceException" message="stale element reference: stale element not found
  (Session info: chrome=118.0.5993.120)
For documentation on this error, please visit: https://www.selenium.dev/documentation/webdriver/troubleshooting/errors#stale-element-reference-exception
Build info: version: &amp;apos;4.11.0&amp;apos;, revision: &amp;apos;040bc5406b&amp;apos;
System info: os.name: &amp;apos;Windows 11&amp;apos;, os.arch: &amp;apos;amd64&amp;apos;, os.version: &amp;apos;10.0&amp;apos;, java.version: &amp;apos;20.0.1&amp;apos;
Driver info: org.openqa.selenium.chrome.ChromeDriver
Command: [e8aa6e326ea1f81afdf1dff1bba4aad1, getElementText {id=6C54D461B7031FF1ACCE6CB4F204939C_element_53}]
Capabilities {acceptInsecureCerts: false, browserName: chrome, browserVersion: 118.0.5993.120, chrome: {chromedriverVersion: 118.0.5993.70 (e52f33f30b91..., userDataDir: C:\Users\Admin\AppData\Loca...}, fedcm:accounts: true, goog:chromeOptions: {debuggerAddress: localhost:55882}, networkConnectionEnabled: false, pageLoadStrategy: normal, platformName: windows, proxy: Proxy(), se:cdp: ws://localhost:55882/devtoo..., se:cdpVersion: 118.0.5993.120, setWindowRect: true, strictFileInteractability: false, timeouts: {implicit: 0, pageLoad: 300000, script: 30000}, unhandledPromptBehavior: dismiss and notify, webauthn:extension:credBlob: true, webauthn:extension:largeBlob: true, webauthn:extension:minPinLength: true, webauthn:extension:prf: true, webauthn:virtualAuthenticators: true}
Element: [[ChromeDriver: chrome on windows (e8aa6e326ea1f81afdf1dff1bba4aad1)] -&amp;gt; xpath: //ul[@id=&amp;apos;select2-subcatDD-results&amp;apos;]//li]
Session ID: e8aa6e326ea1f81afdf1dff1bba4aad1">
      <![CDATA[org.openqa.selenium.StaleElementReferenceException: stale element reference: stale element not found
  (Session info: chrome=118.0.5993.120)
For documentation on this error, please visit: https://www.selenium.dev/documentation/webdriver/troubleshooting/errors#stale-element-reference-exception
Build info: version: '4.11.0', revision: '040bc5406b'
System info: os.name: 'Windows 11', os.arch: 'amd64', os.version: '10.0', java.version: '20.0.1'
Driver info: org.openqa.selenium.chrome.ChromeDriver
Command: [e8aa6e326ea1f81afdf1dff1bba4aad1, getElementText {id=6C54D461B7031FF1ACCE6CB4F204939C_element_53}]
Capabilities {acceptInsecureCerts: false, browserName: chrome, browserVersion: 118.0.5993.120, chrome: {chromedriverVersion: 118.0.5993.70 (e52f33f30b91..., userDataDir: C:\Users\Admin\AppData\Loca...}, fedcm:accounts: true, goog:chromeOptions: {debuggerAddress: localhost:55882}, networkConnectionEnabled: false, pageLoadStrategy: normal, platformName: windows, proxy: Proxy(), se:cdp: ws://localhost:55882/devtoo..., se:cdpVersion: 118.0.5993.120, setWindowRect: true, strictFileInteractability: false, timeouts: {implicit: 0, pageLoad: 300000, script: 30000}, unhandledPromptBehavior: dismiss and notify, webauthn:extension:credBlob: true, webauthn:extension:largeBlob: true, webauthn:extension:minPinLength: true, webauthn:extension:prf: true, webauthn:virtualAuthenticators: true}
Element: [[ChromeDriver: chrome on windows (e8aa6e326ea1f81afdf1dff1bba4aad1)] -> xpath: //ul[@id='select2-subcatDD-results']//li]
Session ID: e8aa6e326ea1f81afdf1dff1bba4aad1
at org.openqa.selenium.remote.codec.w3c.W3CHttpResponseCodec.createException(W3CHttpResponseCodec.java:200)
at org.openqa.selenium.remote.codec.w3c.W3CHttpResponseCodec.decode(W3CHttpResponseCodec.java:133)
at org.openqa.selenium.remote.codec.w3c.W3CHttpResponseCodec.decode(W3CHttpResponseCodec.java:52)
at org.openqa.selenium.remote.HttpCommandExecutor.execute(HttpCommandExecutor.java:191)
at org.openqa.selenium.remote.service.DriverCommandExecutor.invokeExecute(DriverCommandExecutor.java:196)
at org.openqa.selenium.remote.service.DriverCommandExecutor.execute(DriverCommandExecutor.java:171)
at org.openqa.selenium.remote.RemoteWebDriver.execute(RemoteWebDriver.java:518)
at org.openqa.selenium.remote.RemoteWebElement.execute(RemoteWebElement.java:224)
at org.openqa.selenium.remote.RemoteWebElement.getText(RemoteWebElement.java:192)
at org.openqa.selenium.support.events.EventFiringWebDriver$EventFiringWebElement.lambda$new$0(EventFiringWebDriver.java:375)
at jdk.proxy2/jdk.proxy2.$Proxy22.getText(Unknown Source)
at org.openqa.selenium.support.events.EventFiringWebDriver$EventFiringWebElement.getText(EventFiringWebDriver.java:453)
at com.empire.qa.pages.SubCategoriesPage.VerifyDeleteButtonBySearchSubCategoryName(SubCategoriesPage.java:186)
at com.empire.qa.testcases.SubCategoriesPageTest.VerifyDeleteButtonBySearchSubCategoryNameTest(SubCategoriesPageTest.java:104)
at java.base/java.util.ArrayList.forEach(ArrayList.java:1511)
... Removed 30 stack frames]]>
    </failure>
  </testcase> <!-- VerifyDeleteButtonBySearchSubCategoryNameTest -->
  <testcase classname="com.empire.qa.testcases.SubCategoriesPageTest" name="VerifyDeleteButtonByClickingYesTest" time="1.405">
    <failure type="org.openqa.selenium.StaleElementReferenceException" message="stale element reference: stale element not found
  (Session info: chrome=118.0.5993.120)
For documentation on this error, please visit: https://www.selenium.dev/documentation/webdriver/troubleshooting/errors#stale-element-reference-exception
Build info: version: &amp;apos;4.11.0&amp;apos;, revision: &amp;apos;040bc5406b&amp;apos;
System info: os.name: &amp;apos;Windows 11&amp;apos;, os.arch: &amp;apos;amd64&amp;apos;, os.version: &amp;apos;10.0&amp;apos;, java.version: &amp;apos;20.0.1&amp;apos;
Driver info: org.openqa.selenium.chrome.ChromeDriver
Command: [c4779706b32bf6366b776cdb9297daaf, getElementText {id=5D2902CAEDAC78124A390F8AEC60C9AA_element_53}]
Capabilities {acceptInsecureCerts: false, browserName: chrome, browserVersion: 118.0.5993.120, chrome: {chromedriverVersion: 118.0.5993.70 (e52f33f30b91..., userDataDir: C:\Users\Admin\AppData\Loca...}, fedcm:accounts: true, goog:chromeOptions: {debuggerAddress: localhost:55935}, networkConnectionEnabled: false, pageLoadStrategy: normal, platformName: windows, proxy: Proxy(), se:cdp: ws://localhost:55935/devtoo..., se:cdpVersion: 118.0.5993.120, setWindowRect: true, strictFileInteractability: false, timeouts: {implicit: 0, pageLoad: 300000, script: 30000}, unhandledPromptBehavior: dismiss and notify, webauthn:extension:credBlob: true, webauthn:extension:largeBlob: true, webauthn:extension:minPinLength: true, webauthn:extension:prf: true, webauthn:virtualAuthenticators: true}
Element: [[ChromeDriver: chrome on windows (c4779706b32bf6366b776cdb9297daaf)] -&amp;gt; xpath: //ul[@id=&amp;apos;select2-subcatDD-results&amp;apos;]//li]
Session ID: c4779706b32bf6366b776cdb9297daaf">
      <![CDATA[org.openqa.selenium.StaleElementReferenceException: stale element reference: stale element not found
  (Session info: chrome=118.0.5993.120)
For documentation on this error, please visit: https://www.selenium.dev/documentation/webdriver/troubleshooting/errors#stale-element-reference-exception
Build info: version: '4.11.0', revision: '040bc5406b'
System info: os.name: 'Windows 11', os.arch: 'amd64', os.version: '10.0', java.version: '20.0.1'
Driver info: org.openqa.selenium.chrome.ChromeDriver
Command: [c4779706b32bf6366b776cdb9297daaf, getElementText {id=5D2902CAEDAC78124A390F8AEC60C9AA_element_53}]
Capabilities {acceptInsecureCerts: false, browserName: chrome, browserVersion: 118.0.5993.120, chrome: {chromedriverVersion: 118.0.5993.70 (e52f33f30b91..., userDataDir: C:\Users\Admin\AppData\Loca...}, fedcm:accounts: true, goog:chromeOptions: {debuggerAddress: localhost:55935}, networkConnectionEnabled: false, pageLoadStrategy: normal, platformName: windows, proxy: Proxy(), se:cdp: ws://localhost:55935/devtoo..., se:cdpVersion: 118.0.5993.120, setWindowRect: true, strictFileInteractability: false, timeouts: {implicit: 0, pageLoad: 300000, script: 30000}, unhandledPromptBehavior: dismiss and notify, webauthn:extension:credBlob: true, webauthn:extension:largeBlob: true, webauthn:extension:minPinLength: true, webauthn:extension:prf: true, webauthn:virtualAuthenticators: true}
Element: [[ChromeDriver: chrome on windows (c4779706b32bf6366b776cdb9297daaf)] -> xpath: //ul[@id='select2-subcatDD-results']//li]
Session ID: c4779706b32bf6366b776cdb9297daaf
at org.openqa.selenium.remote.codec.w3c.W3CHttpResponseCodec.createException(W3CHttpResponseCodec.java:200)
at org.openqa.selenium.remote.codec.w3c.W3CHttpResponseCodec.decode(W3CHttpResponseCodec.java:133)
at org.openqa.selenium.remote.codec.w3c.W3CHttpResponseCodec.decode(W3CHttpResponseCodec.java:52)
at org.openqa.selenium.remote.HttpCommandExecutor.execute(HttpCommandExecutor.java:191)
at org.openqa.selenium.remote.service.DriverCommandExecutor.invokeExecute(DriverCommandExecutor.java:196)
at org.openqa.selenium.remote.service.DriverCommandExecutor.execute(DriverCommandExecutor.java:171)
at org.openqa.selenium.remote.RemoteWebDriver.execute(RemoteWebDriver.java:518)
at org.openqa.selenium.remote.RemoteWebElement.execute(RemoteWebElement.java:224)
at org.openqa.selenium.remote.RemoteWebElement.getText(RemoteWebElement.java:192)
at org.openqa.selenium.support.events.EventFiringWebDriver$EventFiringWebElement.lambda$new$0(EventFiringWebDriver.java:375)
at jdk.proxy2/jdk.proxy2.$Proxy22.getText(Unknown Source)
at org.openqa.selenium.support.events.EventFiringWebDriver$EventFiringWebElement.getText(EventFiringWebDriver.java:453)
at com.empire.qa.pages.SubCategoriesPage.VerifyDeleteButtonByClickingYes(SubCategoriesPage.java:212)
at com.empire.qa.testcases.SubCategoriesPageTest.VerifyDeleteButtonByClickingYesTest(SubCategoriesPageTest.java:109)
at java.base/java.util.ArrayList.forEach(ArrayList.java:1511)
... Removed 30 stack frames]]>
    </failure>
  </testcase> <!-- VerifyDeleteButtonByClickingYesTest -->
  <testcase classname="com.empire.qa.testcases.HolidaysPageTest" name="VerifyaddNewolidayswithInvalidDataTest" time="17.917">
    <failure type="org.openqa.selenium.NoSuchElementException" message="no such element: Unable to locate element: {&amp;quot;method&amp;quot;:&amp;quot;xpath&amp;quot;,&amp;quot;selector&amp;quot;:&amp;quot;//h1[text()=&amp;apos;Holidays&amp;apos;]&amp;quot;}
  (Session info: chrome=118.0.5993.120)
For documentation on this error, please visit: https://www.selenium.dev/documentation/webdriver/troubleshooting/errors#no-such-element-exception
Build info: version: &amp;apos;4.11.0&amp;apos;, revision: &amp;apos;040bc5406b&amp;apos;
System info: os.name: &amp;apos;Windows 11&amp;apos;, os.arch: &amp;apos;amd64&amp;apos;, os.version: &amp;apos;10.0&amp;apos;, java.version: &amp;apos;20.0.1&amp;apos;
Driver info: org.openqa.selenium.chrome.ChromeDriver
Command: [d85014014f13496bd9416a0306997f0d, findElement {using=xpath, value=//h1[text()=&amp;apos;Holidays&amp;apos;]}]
Capabilities {acceptInsecureCerts: false, browserName: chrome, browserVersion: 118.0.5993.120, chrome: {chromedriverVersion: 118.0.5993.70 (e52f33f30b91..., userDataDir: C:\Users\Admin\AppData\Loca...}, fedcm:accounts: true, goog:chromeOptions: {debuggerAddress: localhost:55984}, networkConnectionEnabled: false, pageLoadStrategy: normal, platformName: windows, proxy: Proxy(), se:cdp: ws://localhost:55984/devtoo..., se:cdpVersion: 118.0.5993.120, setWindowRect: true, strictFileInteractability: false, timeouts: {implicit: 0, pageLoad: 300000, script: 30000}, unhandledPromptBehavior: dismiss and notify, webauthn:extension:credBlob: true, webauthn:extension:largeBlob: true, webauthn:extension:minPinLength: true, webauthn:extension:prf: true, webauthn:virtualAuthenticators: true}
Session ID: d85014014f13496bd9416a0306997f0d">
      <![CDATA[org.openqa.selenium.NoSuchElementException: no such element: Unable to locate element: {"method":"xpath","selector":"//h1[text()='Holidays']"}
  (Session info: chrome=118.0.5993.120)
For documentation on this error, please visit: https://www.selenium.dev/documentation/webdriver/troubleshooting/errors#no-such-element-exception
Build info: version: '4.11.0', revision: '040bc5406b'
System info: os.name: 'Windows 11', os.arch: 'amd64', os.version: '10.0', java.version: '20.0.1'
Driver info: org.openqa.selenium.chrome.ChromeDriver
Command: [d85014014f13496bd9416a0306997f0d, findElement {using=xpath, value=//h1[text()='Holidays']}]
Capabilities {acceptInsecureCerts: false, browserName: chrome, browserVersion: 118.0.5993.120, chrome: {chromedriverVersion: 118.0.5993.70 (e52f33f30b91..., userDataDir: C:\Users\Admin\AppData\Loca...}, fedcm:accounts: true, goog:chromeOptions: {debuggerAddress: localhost:55984}, networkConnectionEnabled: false, pageLoadStrategy: normal, platformName: windows, proxy: Proxy(), se:cdp: ws://localhost:55984/devtoo..., se:cdpVersion: 118.0.5993.120, setWindowRect: true, strictFileInteractability: false, timeouts: {implicit: 0, pageLoad: 300000, script: 30000}, unhandledPromptBehavior: dismiss and notify, webauthn:extension:credBlob: true, webauthn:extension:largeBlob: true, webauthn:extension:minPinLength: true, webauthn:extension:prf: true, webauthn:virtualAuthenticators: true}
Session ID: d85014014f13496bd9416a0306997f0d
at org.openqa.selenium.remote.codec.w3c.W3CHttpResponseCodec.createException(W3CHttpResponseCodec.java:200)
at org.openqa.selenium.remote.codec.w3c.W3CHttpResponseCodec.decode(W3CHttpResponseCodec.java:133)
at org.openqa.selenium.remote.codec.w3c.W3CHttpResponseCodec.decode(W3CHttpResponseCodec.java:52)
at org.openqa.selenium.remote.HttpCommandExecutor.execute(HttpCommandExecutor.java:191)
at org.openqa.selenium.remote.service.DriverCommandExecutor.invokeExecute(DriverCommandExecutor.java:196)
at org.openqa.selenium.remote.service.DriverCommandExecutor.execute(DriverCommandExecutor.java:171)
at org.openqa.selenium.remote.RemoteWebDriver.execute(RemoteWebDriver.java:518)
at org.openqa.selenium.remote.ElementLocation$ElementFinder$2.findElement(ElementLocation.java:165)
at org.openqa.selenium.remote.ElementLocation.findElement(ElementLocation.java:59)
at org.openqa.selenium.remote.RemoteWebDriver.findElement(RemoteWebDriver.java:355)
at org.openqa.selenium.remote.RemoteWebDriver.findElement(RemoteWebDriver.java:349)
at org.openqa.selenium.support.events.EventFiringWebDriver.lambda$new$1(EventFiringWebDriver.java:107)
at jdk.proxy2/jdk.proxy2.$Proxy17.findElement(Unknown Source)
at org.openqa.selenium.support.events.EventFiringWebDriver.findElement(EventFiringWebDriver.java:194)
at org.openqa.selenium.support.pagefactory.DefaultElementLocator.findElement(DefaultElementLocator.java:68)
at org.openqa.selenium.support.pagefactory.internal.LocatingElementHandler.invoke(LocatingElementHandler.java:38)
at jdk.proxy2/jdk.proxy2.$Proxy21.isDisplayed(Unknown Source)
at com.empire.qa.pages.HolidaysPage.VerifyaddNewolidayswithInvalidData(HolidaysPage.java:109)
at com.empire.qa.testcases.HolidaysPageTest.VerifyaddNewolidayswithInvalidDataTest(HolidaysPageTest.java:63)
at java.base/java.util.ArrayList.forEach(ArrayList.java:1511)
... Removed 30 stack frames]]>
    </failure>
  </testcase> <!-- VerifyaddNewolidayswithInvalidDataTest -->
  <testcase classname="com.empire.qa.testcases.HolidaysPageTest" name="VerifyaddNewolidayswithValidDataTest" time="19.792">
    <failure type="org.openqa.selenium.NoSuchElementException" message="no such element: Unable to locate element: {&amp;quot;method&amp;quot;:&amp;quot;xpath&amp;quot;,&amp;quot;selector&amp;quot;:&amp;quot;//h1[text()=&amp;apos;Holidays&amp;apos;]&amp;quot;}
  (Session info: chrome=118.0.5993.120)
For documentation on this error, please visit: https://www.selenium.dev/documentation/webdriver/troubleshooting/errors#no-such-element-exception
Build info: version: &amp;apos;4.11.0&amp;apos;, revision: &amp;apos;040bc5406b&amp;apos;
System info: os.name: &amp;apos;Windows 11&amp;apos;, os.arch: &amp;apos;amd64&amp;apos;, os.version: &amp;apos;10.0&amp;apos;, java.version: &amp;apos;20.0.1&amp;apos;
Driver info: org.openqa.selenium.chrome.ChromeDriver
Command: [f436acee4fe0e7a268a1af0c64c9bfe0, findElement {using=xpath, value=//h1[text()=&amp;apos;Holidays&amp;apos;]}]
Capabilities {acceptInsecureCerts: false, browserName: chrome, browserVersion: 118.0.5993.120, chrome: {chromedriverVersion: 118.0.5993.70 (e52f33f30b91..., userDataDir: C:\Users\Admin\AppData\Loca...}, fedcm:accounts: true, goog:chromeOptions: {debuggerAddress: localhost:56039}, networkConnectionEnabled: false, pageLoadStrategy: normal, platformName: windows, proxy: Proxy(), se:cdp: ws://localhost:56039/devtoo..., se:cdpVersion: 118.0.5993.120, setWindowRect: true, strictFileInteractability: false, timeouts: {implicit: 0, pageLoad: 300000, script: 30000}, unhandledPromptBehavior: dismiss and notify, webauthn:extension:credBlob: true, webauthn:extension:largeBlob: true, webauthn:extension:minPinLength: true, webauthn:extension:prf: true, webauthn:virtualAuthenticators: true}
Session ID: f436acee4fe0e7a268a1af0c64c9bfe0">
      <![CDATA[org.openqa.selenium.NoSuchElementException: no such element: Unable to locate element: {"method":"xpath","selector":"//h1[text()='Holidays']"}
  (Session info: chrome=118.0.5993.120)
For documentation on this error, please visit: https://www.selenium.dev/documentation/webdriver/troubleshooting/errors#no-such-element-exception
Build info: version: '4.11.0', revision: '040bc5406b'
System info: os.name: 'Windows 11', os.arch: 'amd64', os.version: '10.0', java.version: '20.0.1'
Driver info: org.openqa.selenium.chrome.ChromeDriver
Command: [f436acee4fe0e7a268a1af0c64c9bfe0, findElement {using=xpath, value=//h1[text()='Holidays']}]
Capabilities {acceptInsecureCerts: false, browserName: chrome, browserVersion: 118.0.5993.120, chrome: {chromedriverVersion: 118.0.5993.70 (e52f33f30b91..., userDataDir: C:\Users\Admin\AppData\Loca...}, fedcm:accounts: true, goog:chromeOptions: {debuggerAddress: localhost:56039}, networkConnectionEnabled: false, pageLoadStrategy: normal, platformName: windows, proxy: Proxy(), se:cdp: ws://localhost:56039/devtoo..., se:cdpVersion: 118.0.5993.120, setWindowRect: true, strictFileInteractability: false, timeouts: {implicit: 0, pageLoad: 300000, script: 30000}, unhandledPromptBehavior: dismiss and notify, webauthn:extension:credBlob: true, webauthn:extension:largeBlob: true, webauthn:extension:minPinLength: true, webauthn:extension:prf: true, webauthn:virtualAuthenticators: true}
Session ID: f436acee4fe0e7a268a1af0c64c9bfe0
at org.openqa.selenium.remote.codec.w3c.W3CHttpResponseCodec.createException(W3CHttpResponseCodec.java:200)
at org.openqa.selenium.remote.codec.w3c.W3CHttpResponseCodec.decode(W3CHttpResponseCodec.java:133)
at org.openqa.selenium.remote.codec.w3c.W3CHttpResponseCodec.decode(W3CHttpResponseCodec.java:52)
at org.openqa.selenium.remote.HttpCommandExecutor.execute(HttpCommandExecutor.java:191)
at org.openqa.selenium.remote.service.DriverCommandExecutor.invokeExecute(DriverCommandExecutor.java:196)
at org.openqa.selenium.remote.service.DriverCommandExecutor.execute(DriverCommandExecutor.java:171)
at org.openqa.selenium.remote.RemoteWebDriver.execute(RemoteWebDriver.java:518)
at org.openqa.selenium.remote.ElementLocation$ElementFinder$2.findElement(ElementLocation.java:165)
at org.openqa.selenium.remote.ElementLocation.findElement(ElementLocation.java:59)
at org.openqa.selenium.remote.RemoteWebDriver.findElement(RemoteWebDriver.java:355)
at org.openqa.selenium.remote.RemoteWebDriver.findElement(RemoteWebDriver.java:349)
at org.openqa.selenium.support.events.EventFiringWebDriver.lambda$new$1(EventFiringWebDriver.java:107)
at jdk.proxy2/jdk.proxy2.$Proxy17.findElement(Unknown Source)
at org.openqa.selenium.support.events.EventFiringWebDriver.findElement(EventFiringWebDriver.java:194)
at org.openqa.selenium.support.pagefactory.DefaultElementLocator.findElement(DefaultElementLocator.java:68)
at org.openqa.selenium.support.pagefactory.internal.LocatingElementHandler.invoke(LocatingElementHandler.java:38)
at jdk.proxy2/jdk.proxy2.$Proxy21.isDisplayed(Unknown Source)
at com.empire.qa.pages.HolidaysPage.VerifyaddNewolidayswithValidData(HolidaysPage.java:77)
at com.empire.qa.testcases.HolidaysPageTest.VerifyaddNewolidayswithValidDataTest(HolidaysPageTest.java:53)
at java.base/java.util.ArrayList.forEach(ArrayList.java:1511)
... Removed 30 stack frames]]>
    </failure>
  </testcase> <!-- VerifyaddNewolidayswithValidDataTest -->
  <testcase classname="com.empire.qa.testcases.UserTypesPageTest" name="VerifyShowEntriesDropdownTest" time="0.141"/>
  <testcase classname="com.empire.qa.testcases.UserTypesPageTest" name="VerifySnoSortingTest" time="0.063"/>
  <testcase classname="com.empire.qa.testcases.UserTypesPageTest" name="VerifyToTopArrowBtnTest" time="0.074"/>
  <testcase classname="com.empire.qa.testcases.UserTypesPageTest" name="VerifyTypeCodeSortingTest" time="0.063"/>
  <testcase classname="com.empire.qa.testcases.UserTypesPageTest" name="VerifyTypeNameSortingTest" time="0.079"/>
  <testcase classname="com.empire.qa.testcases.UserTypesPageTest" name="VerifyUserTypePageTitleTest" time="0.0"/>
  <testcase classname="com.empire.qa.testcases.UserTypesPageTest" name="VerifyaddNewUserTypePagewithInvalidTypeCodeTest" time="2.584"/>
  <testcase classname="com.empire.qa.testcases.UserTypesPageTest" name="VerifyaddNewUserTypePagewithInvalidTypeNameTest" time="2.875"/>
  <testcase classname="com.empire.qa.testcases.UserTypesPageTest" name="VerifyaddNewUserTypePagewithoutData" time="1.999"/>
  <testcase classname="com.empire.qa.testcases.UserTypesPageTest" name="VerifyaddNewUserTypePagewithValidDataTest" time="2.88"/>
  <testcase classname="com.empire.qa.testcases.UserTypesPageTest" name="VerifyEditButtonBySearch_TypeNameTest" time="4.112"/>
  <testcase classname="com.empire.qa.testcases.UserTypesPageTest" name="VerifyDeleteButtonBySearch_TypeNameTest" time="2.276"/>
  <testcase classname="com.empire.qa.testcases.UserTypesPageTest" name="VerifyDeleteButtonByClickingYesTest" time="2.271"/>
  <testcase classname="com.empire.qa.testcases.ShiftsPageTest" name="VerifyaddNewShiftwithValidDataTest" time="19.261">
    <failure type="org.openqa.selenium.NoSuchElementException" message="no such element: Unable to locate element: {&amp;quot;method&amp;quot;:&amp;quot;xpath&amp;quot;,&amp;quot;selector&amp;quot;:&amp;quot;//h1[text()=&amp;apos;Holidays&amp;apos;]&amp;quot;}
  (Session info: chrome=118.0.5993.120)
For documentation on this error, please visit: https://www.selenium.dev/documentation/webdriver/troubleshooting/errors#no-such-element-exception
Build info: version: &amp;apos;4.11.0&amp;apos;, revision: &amp;apos;040bc5406b&amp;apos;
System info: os.name: &amp;apos;Windows 11&amp;apos;, os.arch: &amp;apos;amd64&amp;apos;, os.version: &amp;apos;10.0&amp;apos;, java.version: &amp;apos;20.0.1&amp;apos;
Driver info: org.openqa.selenium.chrome.ChromeDriver
Command: [2428f8eec7eb8cb0556add409913188d, findElement {using=xpath, value=//h1[text()=&amp;apos;Holidays&amp;apos;]}]
Capabilities {acceptInsecureCerts: false, browserName: chrome, browserVersion: 118.0.5993.120, chrome: {chromedriverVersion: 118.0.5993.70 (e52f33f30b91..., userDataDir: C:\Users\Admin\AppData\Loca...}, fedcm:accounts: true, goog:chromeOptions: {debuggerAddress: localhost:56716}, networkConnectionEnabled: false, pageLoadStrategy: normal, platformName: windows, proxy: Proxy(), se:cdp: ws://localhost:56716/devtoo..., se:cdpVersion: 118.0.5993.120, setWindowRect: true, strictFileInteractability: false, timeouts: {implicit: 0, pageLoad: 300000, script: 30000}, unhandledPromptBehavior: dismiss and notify, webauthn:extension:credBlob: true, webauthn:extension:largeBlob: true, webauthn:extension:minPinLength: true, webauthn:extension:prf: true, webauthn:virtualAuthenticators: true}
Session ID: 2428f8eec7eb8cb0556add409913188d">
      <![CDATA[org.openqa.selenium.NoSuchElementException: no such element: Unable to locate element: {"method":"xpath","selector":"//h1[text()='Holidays']"}
  (Session info: chrome=118.0.5993.120)
For documentation on this error, please visit: https://www.selenium.dev/documentation/webdriver/troubleshooting/errors#no-such-element-exception
Build info: version: '4.11.0', revision: '040bc5406b'
System info: os.name: 'Windows 11', os.arch: 'amd64', os.version: '10.0', java.version: '20.0.1'
Driver info: org.openqa.selenium.chrome.ChromeDriver
Command: [2428f8eec7eb8cb0556add409913188d, findElement {using=xpath, value=//h1[text()='Holidays']}]
Capabilities {acceptInsecureCerts: false, browserName: chrome, browserVersion: 118.0.5993.120, chrome: {chromedriverVersion: 118.0.5993.70 (e52f33f30b91..., userDataDir: C:\Users\Admin\AppData\Loca...}, fedcm:accounts: true, goog:chromeOptions: {debuggerAddress: localhost:56716}, networkConnectionEnabled: false, pageLoadStrategy: normal, platformName: windows, proxy: Proxy(), se:cdp: ws://localhost:56716/devtoo..., se:cdpVersion: 118.0.5993.120, setWindowRect: true, strictFileInteractability: false, timeouts: {implicit: 0, pageLoad: 300000, script: 30000}, unhandledPromptBehavior: dismiss and notify, webauthn:extension:credBlob: true, webauthn:extension:largeBlob: true, webauthn:extension:minPinLength: true, webauthn:extension:prf: true, webauthn:virtualAuthenticators: true}
Session ID: 2428f8eec7eb8cb0556add409913188d
at org.openqa.selenium.remote.codec.w3c.W3CHttpResponseCodec.createException(W3CHttpResponseCodec.java:200)
at org.openqa.selenium.remote.codec.w3c.W3CHttpResponseCodec.decode(W3CHttpResponseCodec.java:133)
at org.openqa.selenium.remote.codec.w3c.W3CHttpResponseCodec.decode(W3CHttpResponseCodec.java:52)
at org.openqa.selenium.remote.HttpCommandExecutor.execute(HttpCommandExecutor.java:191)
at org.openqa.selenium.remote.service.DriverCommandExecutor.invokeExecute(DriverCommandExecutor.java:196)
at org.openqa.selenium.remote.service.DriverCommandExecutor.execute(DriverCommandExecutor.java:171)
at org.openqa.selenium.remote.RemoteWebDriver.execute(RemoteWebDriver.java:518)
at org.openqa.selenium.remote.ElementLocation$ElementFinder$2.findElement(ElementLocation.java:165)
at org.openqa.selenium.remote.ElementLocation.findElement(ElementLocation.java:59)
at org.openqa.selenium.remote.RemoteWebDriver.findElement(RemoteWebDriver.java:355)
at org.openqa.selenium.remote.RemoteWebDriver.findElement(RemoteWebDriver.java:349)
at org.openqa.selenium.support.events.EventFiringWebDriver.lambda$new$1(EventFiringWebDriver.java:107)
at jdk.proxy2/jdk.proxy2.$Proxy17.findElement(Unknown Source)
at org.openqa.selenium.support.events.EventFiringWebDriver.findElement(EventFiringWebDriver.java:194)
at org.openqa.selenium.support.pagefactory.DefaultElementLocator.findElement(DefaultElementLocator.java:68)
at org.openqa.selenium.support.pagefactory.internal.LocatingElementHandler.invoke(LocatingElementHandler.java:38)
at jdk.proxy2/jdk.proxy2.$Proxy21.isDisplayed(Unknown Source)
at com.empire.qa.pages.ShiftsPage.VerifyaddNewShiftwithValidData(ShiftsPage.java:98)
at com.empire.qa.testcases.ShiftsPageTest.VerifyaddNewShiftwithValidDataTest(ShiftsPageTest.java:50)
at java.base/java.util.ArrayList.forEach(ArrayList.java:1511)
... Removed 30 stack frames]]>
    </failure>
  </testcase> <!-- VerifyaddNewShiftwithValidDataTest -->
  <testcase classname="com.empire.qa.testcases.SubCategoriesPageTest" name="VerifyBackBtnTest" time="0.0">
    <ignored/>
  </testcase> <!-- VerifyBackBtnTest -->
  <testcase classname="com.empire.qa.testcases.SubCategoriesPageTest" name="VerifySnoSortingTest" time="0.0">
    <ignored/>
  </testcase> <!-- VerifySnoSortingTest -->
  <testcase classname="com.empire.qa.testcases.ShiftsPageTest" name="VerifyShowEntriesDropdownTest" time="0.0">
    <ignored/>
  </testcase> <!-- VerifyShowEntriesDropdownTest -->
  <testcase classname="com.empire.qa.testcases.ShiftsPageTest" name="VerifyEditButtonBySearchShiftNameTest" time="0.0">
    <ignored/>
  </testcase> <!-- VerifyEditButtonBySearchShiftNameTest -->
  <testcase classname="com.empire.qa.testcases.ShiftsPageTest" name="VerifyDeleteButtonBySearchShiftNameTest" time="0.0">
    <ignored/>
  </testcase> <!-- VerifyDeleteButtonBySearchShiftNameTest -->
  <testcase classname="com.empire.qa.testcases.ShiftsPageTest" name="VerifyPage3BtnTest" time="0.0">
    <ignored/>
  </testcase> <!-- VerifyPage3BtnTest -->
  <testcase classname="com.empire.qa.testcases.LocationTypesPageTest" name="VerifyLocationNameSortingTest" time="0.0">
    <ignored/>
  </testcase> <!-- VerifyLocationNameSortingTest -->
  <testcase classname="com.empire.qa.testcases.LocationTypesPageTest" name="VerifyNextPageBtnTest" time="0.0">
    <ignored/>
  </testcase> <!-- VerifyNextPageBtnTest -->
  <testcase classname="com.empire.qa.testcases.ShiftsPageTest" name="VerifyNextPageBtnTest" time="0.0">
    <ignored/>
  </testcase> <!-- VerifyNextPageBtnTest -->
  <testcase classname="com.empire.qa.testcases.SubCategoriesPageTest" name="VerifySubCategoriesPageTitleTest" time="0.0">
    <ignored/>
  </testcase> <!-- VerifySubCategoriesPageTitleTest -->
  <testcase classname="com.empire.qa.testcases.LocationTypesPageTest" name="VerifyBackBtnTest" time="0.0">
    <ignored/>
  </testcase> <!-- VerifyBackBtnTest -->
  <testcase classname="com.empire.qa.testcases.UserTypesPageTest" name="VerifyPage2BtnTest" time="0.0">
    <ignored/>
  </testcase> <!-- VerifyPage2BtnTest -->
  <testcase classname="com.empire.qa.testcases.SubCategoriesPageTest" name="VerifyaddSubCategoryPagewithoutDataTest" time="0.0">
    <ignored/>
  </testcase> <!-- VerifyaddSubCategoryPagewithoutDataTest -->
  <testcase classname="com.empire.qa.testcases.LocationTypesPageTest" name="VerifyPage3BtnTest" time="0.0">
    <ignored/>
  </testcase> <!-- VerifyPage3BtnTest -->
  <testcase classname="com.empire.qa.testcases.UserTypesPageTest" name="VerifySearchTextFieldTest" time="0.0">
    <ignored/>
  </testcase> <!-- VerifySearchTextFieldTest -->
  <testcase classname="com.empire.qa.testcases.ShiftsPageTest" name="VerifyaddNewShiftwithInvalidShiftNameTest" time="0.0">
    <ignored/>
  </testcase> <!-- VerifyaddNewShiftwithInvalidShiftNameTest -->
  <testcase classname="com.empire.qa.testcases.UserTypesPageTest" name="VerifyPage3BtnTest" time="0.0">
    <ignored/>
  </testcase> <!-- VerifyPage3BtnTest -->
  <testcase classname="com.empire.qa.testcases.ShiftsPageTest" name="VerifyshiftspageTitleTest" time="0.0">
    <ignored/>
  </testcase> <!-- VerifyshiftspageTitleTest -->
  <testcase classname="com.empire.qa.testcases.HolidaysPageTest" name="VerifyEditButtonBySelectingHolidaysNameTest" time="0.0">
    <ignored/>
  </testcase> <!-- VerifyEditButtonBySelectingHolidaysNameTest -->
  <testcase classname="com.empire.qa.testcases.ShiftsPageTest" name="VerifyBackBtnTest" time="0.0">
    <ignored/>
  </testcase> <!-- VerifyBackBtnTest -->
  <testcase classname="com.empire.qa.testcases.LocationTypesPageTest" name="VerifyPreviousPageBtnTest" time="0.0">
    <ignored/>
  </testcase> <!-- VerifyPreviousPageBtnTest -->
  <testcase classname="com.empire.qa.testcases.UserTypesPageTest" name="VerifySearchTextFieldWithInvalidDataTest" time="0.0">
    <ignored/>
  </testcase> <!-- VerifySearchTextFieldWithInvalidDataTest -->
  <testcase classname="com.empire.qa.testcases.UserTypesPageTest" name="VerifyPreviousPageBtnTest" time="0.0">
    <ignored/>
  </testcase> <!-- VerifyPreviousPageBtnTest -->
  <testcase classname="com.empire.qa.testcases.SubCategoriesPageTest" name="VerifySubCategoryNameSortingTest" time="0.0">
    <ignored/>
  </testcase> <!-- VerifySubCategoryNameSortingTest -->
  <testcase classname="com.empire.qa.testcases.ShiftsPageTest" name="VerifySnoSortingTest" time="0.0">
    <ignored/>
  </testcase> <!-- VerifySnoSortingTest -->
  <testcase classname="com.empire.qa.testcases.UserTypesPageTest" name="VerifyNextPageBtnTest" time="0.0">
    <ignored/>
  </testcase> <!-- VerifyNextPageBtnTest -->
  <testcase classname="com.empire.qa.testcases.HolidaysPageTest" name="VerifyholidayspageTitleTest" time="0.0">
    <ignored/>
  </testcase> <!-- VerifyholidayspageTitleTest -->
  <testcase classname="com.empire.qa.testcases.ShiftsPageTest" name="VerifyShiftNameSortingTest" time="0.0">
    <ignored/>
  </testcase> <!-- VerifyShiftNameSortingTest -->
  <testcase classname="com.empire.qa.testcases.ShiftsPageTest" name="VerifySearchTextFieldTest" time="0.0">
    <ignored/>
  </testcase> <!-- VerifySearchTextFieldTest -->
  <testcase classname="com.empire.qa.testcases.HolidaysPageTest" name="VerifyBackBtnTest" time="0.0">
    <ignored/>
  </testcase> <!-- VerifyBackBtnTest -->
  <testcase classname="com.empire.qa.testcases.SubCategoriesPageTest" name="VerifyaddSubCategoryPagewithValidDataTest" time="0.0">
    <ignored/>
  </testcase> <!-- VerifyaddSubCategoryPagewithValidDataTest -->
  <testcase classname="com.empire.qa.testcases.SubCategoriesPageTest" name="VerifyaddSubCategoryPagewithInvalidSubCategoryNameTest" time="0.0">
    <ignored/>
  </testcase> <!-- VerifyaddSubCategoryPagewithInvalidSubCategoryNameTest -->
  <testcase classname="com.empire.qa.testcases.HolidaysPageTest" name="VerifyDeleteButtonBySelectingHolidaysNameTest" time="0.0">
    <ignored/>
  </testcase> <!-- VerifyDeleteButtonBySelectingHolidaysNameTest -->
  <testcase classname="com.empire.qa.testcases.ShiftsPageTest" name="VerifyToTopArrowBtnTest" time="0.0">
    <ignored/>
  </testcase> <!-- VerifyToTopArrowBtnTest -->
  <testcase classname="com.empire.qa.testcases.HolidaysPageTest" name="VerifyaddNewolidayswithoutDataTest" time="0.0">
    <ignored/>
  </testcase> <!-- VerifyaddNewolidayswithoutDataTest -->
  <testcase classname="com.empire.qa.testcases.SubCategoriesPageTest" name="VerifySubCategoriesTitleTextTest" time="0.0">
    <ignored/>
  </testcase> <!-- VerifySubCategoriesTitleTextTest -->
  <testcase classname="com.empire.qa.testcases.ShiftsPageTest" name="VerifyPreviousPageBtnTest" time="0.0">
    <ignored/>
  </testcase> <!-- VerifyPreviousPageBtnTest -->
  <testcase classname="com.empire.qa.testcases.ShiftsPageTest" name="VerifyaddNewShiftwithoutDataTest" time="0.0">
    <ignored/>
  </testcase> <!-- VerifyaddNewShiftwithoutDataTest -->
  <testcase classname="com.empire.qa.testcases.UserTypesPageTest" name="VerifyBackBtnTest" time="0.0">
    <ignored/>
  </testcase> <!-- VerifyBackBtnTest -->
  <testcase classname="com.empire.qa.testcases.ShiftsPageTest" name="VerifySearchTextFieldWithInvalidDataTest" time="0.0">
    <ignored/>
  </testcase> <!-- VerifySearchTextFieldWithInvalidDataTest -->
  <testcase classname="com.empire.qa.testcases.ShiftsPageTest" name="VerifyDeleteButtonByClickingYesTest" time="0.0">
    <ignored/>
  </testcase> <!-- VerifyDeleteButtonByClickingYesTest -->
  <testcase classname="com.empire.qa.testcases.SubCategoriesPageTest" name="VerifyShowEntriesDropdownTest" time="0.0">
    <ignored/>
  </testcase> <!-- VerifyShowEntriesDropdownTest -->
  <testcase classname="com.empire.qa.testcases.HolidaysPageTest" name="VerifyDeleteButtonBySelectingHolidaysNameAndClickingYesTest" time="0.0">
    <ignored/>
  </testcase> <!-- VerifyDeleteButtonBySelectingHolidaysNameAndClickingYesTest -->
</testsuite> <!-- Test(failed) -->
